[2020-03-01 10:20:54,285] {/home/horacioh/dev/tetumtra/main.py:50} INFO - Host: localhost:8080
User-Agent: python-requests/2.23.0
Accept-Encoding: gzip, deflate
Accept: */*
Connection: keep-alive
Content-Length: 36
Content-Type: application/json


[2020-03-01 10:20:54,297] {/home/horacioh/dev/tetumtra/main.py:51} INFO - {'text': ['Teste aqui o tradutor.']}
[2020-03-01 10:26:13,127] {/home/horacioh/dev/tetumtra/main.py:49} INFO - Host: localhost:8080
User-Agent: python-requests/2.23.0
Accept-Encoding: gzip, deflate
Accept: */*
Connection: keep-alive
Content-Length: 75
Content-Type: application/json


[2020-03-01 10:26:13,142] {/home/horacioh/dev/tetumtra/main.py:50} INFO - {'model': 'ct2_int16', 'pair': 'pt-tt', 'text': ['Teste aqui o tradutor.']}
[2020-03-01 10:26:25,295] {/home/horacioh/dev/tetumtra/main.py:49} INFO - Host: localhost:8080
User-Agent: python-requests/2.23.0
Accept-Encoding: gzip, deflate
Accept: */*
Connection: keep-alive
Content-Length: 75
Content-Type: application/json


[2020-03-01 10:26:25,304] {/home/horacioh/dev/tetumtra/main.py:50} INFO - {'model': 'ct2_int16', 'pair': 'tt-pt', 'text': ['Teste aqui o tradutor.']}
[2020-03-01 10:32:17,401] {/home/horacioh/dev/tetumtra/main.py:50} INFO - localhost:8080: {'model': 'ct2_int16', 'pair': 'pt-tt', 'text': ['Teste aqui o tradutor.']}
[2020-03-01 10:33:20,559] INFO - localhost:8080: {'model': 'ct2_int16', 'pair': 'pt-tt', 'text': ['Teste aqui o tradutor.']}
[2020-03-01 10:35:07,171] INFO - localhost:8080: {'model': 'ct2_int16', 'pair': 'pt-tt', 'text': ['Teste aqui o tradutor.']}
[2020-03-01 10:35:07,181] INFO - translation: teste pt-tt
